This is pdfTeX, Version 3.141592653-2.6-1.40.29 (MiKTeX 26.5) (preloaded format=pdflatex 2026.6.22)  29 JUN 2026 09:18
entering extended mode
 restricted \write18 enabled.
 %&-line parsing enabled.
**./main.tex
(main.tex
LaTeX2e <2026-06-01>
L3 programming layer <2026-05-26>
(C:\Users\jotav\AppData\Local\Programs\MiKTeX\tex/latex/base\article.cls
Document Class: article 2025/01/22 v1.4n Standard LaTeX document class
(C:\Users\jotav\AppData\Local\Programs\MiKTeX\tex/latex/base\size12.clo
File: size12.clo 2025/01/22 v1.4n Standard LaTeX file (size option)
)
\c@part=\count276
\c@section=\count277
\c@subsection=\count278
\c@subsubsection=\count279
\c@paragraph=\count280
\c@subparagraph=\count281
\c@figure=\count282
\c@table=\count283
\abovecaptionskip=\skip49
\belowcaptionskip=\skip50
\bibindent=\dimen150
)
(C:\Users\jotav\AppData\Local\Programs\MiKTeX\tex/latex/base\inputenc.sty
Package: inputenc 2024/02/08 v1.3d Input encoding file
\inpenc@prehook=\toks17
\inpenc@posthook=\toks18
)
(C:\Users\jotav\AppData\Local\Programs\MiKTeX\tex/generic/babel\babel.sty
Package: babel 2026/05/20 v26.8 The multilingual framework for LuaLaTeX, pdfLaT
eX and XeLaTeX
\babel@savecnt=\count284
LaTeX Encoding Info:    Redeclaring text command \ij (encoding OT1) on input li
ne 2084.
LaTeX Encoding Info:    Redeclaring text command \IJ (encoding OT1) on input li
ne 2086.
LaTeX Encoding Info:    Redeclaring text command \ij (encoding T1) on input lin
e 2088.
LaTeX Encoding Info:    Redeclaring text command \IJ (encoding T1) on input lin
e 2089.
LaTeX Encoding Info:    Ignoring declaration for text command \ij (encoding ?) 
on input line 2090.
LaTeX Encoding Info:    Ignoring declaration for text command \IJ (encoding ?) 
on input line 2092.
LaTeX Encoding Info:    Ignoring declaration for text command \SS (encoding ?) 
on input line 2117.
\U@D=\dimen151
\l@unhyphenated=\language79

(C:\Users\jotav\AppData\Local\Programs\MiKTeX\tex/generic/babel\txtbabel.def)
\bbl@readstream=\read2
\bbl@dirlevel=\count285
Package babel Info: Configuration files are deprecated, as
(babel)             they can break document portability.
(babel)             Reported on input line 4228.

*************************************
* Local config file bblopts.cfg used
*
(C:\Users\jotav\AppData\Local\Programs\MiKTeX\tex/latex/arabi\bblopts.cfg
File: bblopts.cfg 2005/09/08 v0.1 add Arabic and Farsi to "declared" options of
 babel
)
(C:\Users\jotav\AppData\Local\Programs\MiKTeX\tex/generic/babel/locale/ca\babel
-catalan.tex)
Package babel Info: Importing font and identification data for catalan
(babel)             from babel-ca.ini. Reported on input line 4356.

(C:\Users\jotav\AppData\Local\Programs\MiKTeX\tex/latex/babel-catalan\catalan.l
df
Language: catalan 2005/03/29 v2.2p Catalan support from the babel system
Package babel Info: Making " an active character on input line 91.
Warning: You are using encoding OT1 instead of T1.
Some word breaks will not be found.
\leftllkern=\dimen152
\rightllkern=\dimen153
\raiselldim=\dimen154
))
(C:\Users\jotav\AppData\Local\Programs\MiKTeX\tex/latex/graphics\graphicx.sty
Package: graphicx 2026-05-17 v1.2e Enhanced LaTeX Graphics (DPC,SPQR)

(C:\Users\jotav\AppData\Local\Programs\MiKTeX\tex/latex/graphics\keyval.sty
Package: keyval 2026-05-17 v1.15 key=value parser (DPC)
\KV@toks@=\toks19
)
(C:\Users\jotav\AppData\Local\Programs\MiKTeX\tex/latex/graphics\graphics.sty
Package: graphics 2026-05-17 v1.4h Standard LaTeX Graphics (DPC,SPQR)

(C:\Users\jotav\AppData\Local\Programs\MiKTeX\tex/latex/graphics\trig.sty
Package: trig 2023/12/02 v1.11 sin cos tan (DPC)
)
(C:\Users\jotav\AppData\Local\Programs\MiKTeX\tex/latex/graphics-cfg\graphics.c
fg
File: graphics.cfg 2016/06/04 v1.11 sample graphics configuration
)
Package graphics Info: Driver file: pdftex.def on input line 106.

(C:\Users\jotav\AppData\Local\Programs\MiKTeX\tex/latex/graphics-def\pdftex.def
File: pdftex.def 2025/09/29 v1.2d Graphics/color driver for pdftex
))
\Gin@req@height=\dimen155
\Gin@req@width=\dimen156
)
(C:\Users\jotav\AppData\Local\Programs\MiKTeX\tex/latex/geometry\geometry.sty
Package: geometry 2026/03/07 v6.0 Page Geometry

(C:\Users\jotav\AppData\Local\Programs\MiKTeX\tex/generic/iftex\ifvtex.sty
Package: ifvtex 2019/10/25 v1.7 ifvtex legacy package. Use iftex instead.

(C:\Users\jotav\AppData\Local\Programs\MiKTeX\tex/generic/iftex\iftex.sty
Package: iftex 2024/12/12 v1.0g TeX engine tests
))
\Gm@cnth=\count286
\Gm@cntv=\count287
\c@Gm@tempcnt=\count288
\Gm@bindingoffset=\dimen157
\Gm@wd@mp=\dimen158
\Gm@odd@mp=\dimen159
\Gm@even@mp=\dimen160
\Gm@layoutwidth=\dimen161
\Gm@layoutheight=\dimen162
\Gm@layouthoffset=\dimen163
\Gm@layoutvoffset=\dimen164
\Gm@dimlist=\toks20

(C:\Users\jotav\AppData\Local\Programs\MiKTeX\tex/latex/geometry\geometry.cfg))
(C:\Users\jotav\AppData\Local\Programs\MiKTeX\tex/latex/fancyhdr\fancyhdr.sty
Package: fancyhdr 2025/02/07 v5.2 Extensive control of page headers and footers

\f@nch@headwidth=\skip51
\f@nch@offset@elh=\skip52
\f@nch@offset@erh=\skip53
\f@nch@offset@olh=\skip54
\f@nch@offset@orh=\skip55
\f@nch@offset@elf=\skip56
\f@nch@offset@erf=\skip57
\f@nch@offset@olf=\skip58
\f@nch@offset@orf=\skip59
\f@nch@height=\skip60
\f@nch@footalignment=\skip61
\f@nch@widthL=\skip62
\f@nch@widthC=\skip63
\f@nch@widthR=\skip64
\@temptokenb=\toks21
)
(C:\Users\jotav\AppData\Local\Programs\MiKTeX\tex/latex/tools\tabularx.sty
Package: tabularx 2023/12/11 v2.12a `tabularx' package (DPC)

(C:\Users\jotav\AppData\Local\Programs\MiKTeX\tex/latex/tools\array.sty
Package: array 2026/02/24 v2.7b Tabular extension package (FMi)
\col@sep=\dimen165
\ar@mcellbox=\box53
\extrarowheight=\dimen166
\NC@list=\toks22
\extratabsurround=\skip65
\backup@length=\skip66
\ar@cellbox=\box54
)
\TX@col@width=\dimen167
\TX@old@table=\dimen168
\TX@old@col=\dimen169
\TX@target=\dimen170
\TX@delta=\dimen171
\TX@cols=\count289
\TX@ftn=\toks23
)
(C:\Users\jotav\AppData\Local\Programs\MiKTeX\tex/latex/lastpage\lastpage.sty
Package: lastpage 2025/08/14 v2.1h lastpage: 2.09 or 2e? (HMM)

(C:\Users\jotav\AppData\Local\Programs\MiKTeX\tex/latex/lastpage\lastpage2e.sty
Package: lastpage2e 2025/08/14 v2.1h Decide which 2e lastpage version to use (H
MM)

(C:\Users\jotav\AppData\Local\Programs\MiKTeX\tex/latex/lastpage\lastpagemodern
.sty
Package: lastpagemodern 2025-08-14 v2.1h Refers to last page's name (HMM; JPG)
\c@lastpagecount=\count290
) 
))
(C:\Users\jotav\AppData\Local\Programs\MiKTeX\tex/latex/enumitem\enumitem.sty
Package: enumitem 2025/02/06 v3.11 Customized lists
\labelindent=\skip67
\enit@outerparindent=\dimen172
\enit@toks=\toks24
\enit@inbox=\box55
\enit@count@id=\count291
\enitdp@description=\count292
)
(C:\Users\jotav\AppData\Local\Programs\MiKTeX\tex/latex/amsmath\amsmath.sty
Package: amsmath 2026/05/19 v2.18d AMS math features
\@mathmargin=\skip68

For additional information on amsmath, use the `?' option.
(C:\Users\jotav\AppData\Local\Programs\MiKTeX\tex/latex/amsmath\amstext.sty
Package: amstext 2024/11/17 v2.01 AMS text

(C:\Users\jotav\AppData\Local\Programs\MiKTeX\tex/latex/amsmath\amsgen.sty
File: amsgen.sty 1999/11/30 v2.0 generic functions
\@emptytoks=\toks25
\ex@=\dimen173
))
(C:\Users\jotav\AppData\Local\Programs\MiKTeX\tex/latex/amsmath\amsbsy.sty
Package: amsbsy 1999/11/29 v1.2d Bold Symbols
\pmbraise@=\dimen174
)
(C:\Users\jotav\AppData\Local\Programs\MiKTeX\tex/latex/amsmath\amsopn.sty
Package: amsopn 2022/04/08 v2.04 operator names
)
\inf@bad=\count293
LaTeX Info: Redefining \frac on input line 233.
\uproot@=\count294
\leftroot@=\count295
LaTeX Info: Redefining \overline on input line 398.
LaTeX Info: Redefining \colon on input line 409.
\classnum@=\count296
\DOTSCASE@=\count297
LaTeX Info: Redefining \ldots on input line 495.
LaTeX Info: Redefining \dots on input line 498.
LaTeX Info: Redefining \cdots on input line 619.
\Mathstrutbox@=\box56
\strutbox@=\box57
LaTeX Info: Redefining \big on input line 721.
LaTeX Info: Redefining \Big on input line 722.
LaTeX Info: Redefining \bigg on input line 723.
LaTeX Info: Redefining \Bigg on input line 724.
\big@size=\dimen175
LaTeX Font Info:    Redeclaring font encoding OML on input line 742.
LaTeX Font Info:    Redeclaring font encoding OMS on input line 743.
\macc@depth=\count298
LaTeX Info: Redefining \bmod on input line 904.
LaTeX Info: Redefining \pmod on input line 909.
LaTeX Info: Redefining \smash on input line 939.
LaTeX Info: Redefining \relbar on input line 969.
LaTeX Info: Redefining \Relbar on input line 970.
\c@MaxMatrixCols=\count299
\dotsspace@=\muskip17
\c@parentequation=\count300
\dspbrk@lvl=\count301
\tag@help=\toks26
\row@=\count302
\column@=\count303
\maxfields@=\count304
\andhelp@=\toks27
\eqnshift@=\dimen176
\alignsep@=\dimen177
\tagshift@=\dimen178
\tagwidth@=\dimen179
\totwidth@=\dimen180
\lineht@=\dimen181
\@envbody=\toks28
\multlinegap=\skip69
\multlinetaggap=\skip70
\mathdisplay@stack=\toks29
LaTeX Info: Redefining \[ on input line 2965.
LaTeX Info: Redefining \] on input line 2966.
)
(C:\Users\jotav\AppData\Local\Programs\MiKTeX\tex/latex/float\float.sty
Package: float 2001/11/08 v1.3d Float enhancements (AL)
\c@float@type=\count305
\float@exts=\toks30
\float@box=\box58
\@float@everytoks=\toks31
\@floatcapt=\box59
)
(C:\Users\jotav\AppData\Local\Programs\MiKTeX\tex/latex/l3backend\l3backend-pdf
tex.def
File: l3backend-pdftex.def 2026-02-18 L3 backend support: PDF output (pdfTeX)
\l__color_backend_stack_int=\count306
) (1BAT_Rectes_ResolucioExercicis.aux
Package babel Info: 'catalan' activates 'catalan' shorthands.
(babel)             Reported on input line 5.
)
\openout1 = `1BAT_Rectes_ResolucioExercicis.aux'.

LaTeX Font Info:    Checking defaults for OML/cmm/m/it on input line 28.
LaTeX Font Info:    ... okay on input line 28.
LaTeX Font Info:    Checking defaults for OMS/cmsy/m/n on input line 28.
LaTeX Font Info:    ... okay on input line 28.
LaTeX Font Info:    Checking defaults for OT1/cmr/m/n on input line 28.
LaTeX Font Info:    ... okay on input line 28.
LaTeX Font Info:    Checking defaults for T1/cmr/m/n on input line 28.
LaTeX Font Info:    ... okay on input line 28.
LaTeX Font Info:    Checking defaults for TS1/cmr/m/n on input line 28.
LaTeX Font Info:    ... okay on input line 28.
LaTeX Font Info:    Checking defaults for OMX/cmex/m/n on input line 28.
LaTeX Font Info:    ... okay on input line 28.
LaTeX Font Info:    Checking defaults for U/cmr/m/n on input line 28.
LaTeX Font Info:    ... okay on input line 28.
LaTeX Info: Redefining \l on input line 28.
LaTeX Info: Redefining \L on input line 28.

(C:\Users\jotav\AppData\Local\Programs\MiKTeX\tex/context/base/mkii\supp-pdf.mk
ii
[Loading MPS to PDF converter (version 2006.09.02).]
\scratchcounter=\count307
\scratchdimen=\dimen182
\scratchbox=\box60
\nofMPsegments=\count308
\nofMParguments=\count309
\everyMPshowfont=\toks32
\MPscratchCnt=\count310
\MPscratchDim=\dimen183
\MPnumerator=\count311
\makeMPintoPDFobject=\count312
\everyMPtoPDFconversion=\toks33
)
(C:\Users\jotav\AppData\Local\Programs\MiKTeX\tex/latex/epstopdf-pkg\epstopdf-b
ase.sty
Package: epstopdf-base 2020-01-24 v2.11 Base part for package epstopdf
Package epstopdf-base Info: Redefining graphics rule for `.eps' on input line 4
85.

(C:\Users\jotav\AppData\Local\Programs\MiKTeX\tex/latex/00miktex\epstopdf-sys.c
fg
File: epstopdf-sys.cfg 2021/03/18 v2.0 Configuration of epstopdf for MiKTeX
))
*geometry* driver: auto-detecting
*geometry* detected driver: pdftex
*geometry* verbose mode - [ preamble ] result:
* driver: pdftex
* paper: a4paper
* layout: <same size as paper>
* layoutoffset:(h,v)=(0.0pt,0.0pt)
* modes: 
* h-part:(L,W,R)=(56.9055pt, 483.69687pt, 56.9055pt)
* v-part:(T,H,B)=(113.81102pt, 645.87756pt, 85.35826pt)
* \paperwidth=597.50787pt
* \paperheight=845.04684pt
* \textwidth=483.69687pt
* \textheight=645.87756pt
* \oddsidemargin=-15.36449pt
* \evensidemargin=-15.36449pt
* \topmargin=-54.59085pt
* \headheight=71.13188pt
* \headsep=25.0pt
* \topskip=12.0pt
* \footskip=30.0pt
* \marginparwidth=35.0pt
* \marginparsep=10.0pt
* \columnsep=10.0pt
* \skip\footins=10.8pt plus 4.0pt minus 2.0pt
* \hoffset=0.0pt
* \voffset=0.0pt
* \mag=1000
* \@twocolumnfalse
* \@twosidefalse
* \@mparswitchfalse
* \@reversemarginfalse
* (1in=72.27pt=25.4mm, 1cm=28.453pt)


Overfull \hbox (17.62482pt too wide) in paragraph at lines 37--39
[][] 
 []

<Rectes al pla - 20 AF paral·lelogram àrea_1.png, id=1, 243.88077pt x 137.060
99pt>
File: Rectes al pla - 20 AF paral·lelogram àrea_1.png Graphic file (type png)

<use Rectes al pla - 20 AF paral·lelogram àrea_1.png>
Package pdftex.def Info: Rectes al pla - 20 AF paral·lelogram àrea_1.png  use
d on input line 56.
(pdftex.def)             Requested size: 338.58632pt x 190.28835pt.
<Rectes al pla - 20 AF paral·lelogram àrea_2.png, id=3, 243.88077pt x 137.060
99pt>
File: Rectes al pla - 20 AF paral·lelogram àrea_2.png Graphic file (type png)

<use Rectes al pla - 20 AF paral·lelogram àrea_2.png>
Package pdftex.def Info: Rectes al pla - 20 AF paral·lelogram àrea_2.png  use
d on input line 73.
(pdftex.def)             Requested size: 338.58632pt x 190.28835pt.
<Logo_Departament.png, id=4, 488.0634pt x 183.5658pt>
File: Logo_Departament.png Graphic file (type png)
<use Logo_Departament.png>
Package pdftex.def Info: Logo_Departament.png  used on input line 76.
(pdftex.def)             Requested size: 136.1653pt x 51.21504pt.
<Logo_Institut.png, id=5, 209.1012pt x 132.9768pt>
File: Logo_Institut.png Graphic file (type png)
<use Logo_Institut.png>
Package pdftex.def Info: Logo_Institut.png  used on input line 76.
(pdftex.def)             Requested size: 80.53452pt x 51.21504pt.
[1

{C:/Users/jotav/AppData/Local/MiKTeX/fonts/map/pdftex/pdftex.map} <./Logo_Depar
tament.png> <./Logo_Institut.png> <./Rectes al pla - 20 AF paral·lelogram àre
a_1.png>]
<Rectes al pla - 20 AF paral·lelogram àrea_3.png, id=19, 243.88077pt x 137.06
099pt>
File: Rectes al pla - 20 AF paral·lelogram àrea_3.png Graphic file (type png)

<use Rectes al pla - 20 AF paral·lelogram àrea_3.png>
Package pdftex.def Info: Rectes al pla - 20 AF paral·lelogram àrea_3.png  use
d on input line 85.
(pdftex.def)             Requested size: 338.58632pt x 190.28835pt.
File: Logo_Departament.png Graphic file (type png)
<use Logo_Departament.png>
Package pdftex.def Info: Logo_Departament.png  used on input line 89.
(pdftex.def)             Requested size: 136.1653pt x 51.21504pt.
File: Logo_Institut.png Graphic file (type png)
<use Logo_Institut.png>
Package pdftex.def Info: Logo_Institut.png  used on input line 89.
(pdftex.def)             Requested size: 80.53452pt x 51.21504pt.
 [2 <./Rectes al pla - 20 AF paral·lelogram àrea_2.png> <./Rectes al pla - 20
 AF paral·lelogram àrea_3.png>]
<Rectes al pla - 20 AF paral·lelogram àrea_4.png, id=25, 243.88077pt x 137.06
099pt>
File: Rectes al pla - 20 AF paral·lelogram àrea_4.png Graphic file (type png)

<use Rectes al pla - 20 AF paral·lelogram àrea_4.png>
Package pdftex.def Info: Rectes al pla - 20 AF paral·lelogram àrea_4.png  use
d on input line 99.
(pdftex.def)             Requested size: 338.58632pt x 190.28835pt.
File: Logo_Departament.png Graphic file (type png)
<use Logo_Departament.png>
Package pdftex.def Info: Logo_Departament.png  used on input line 119.
(pdftex.def)             Requested size: 136.1653pt x 51.21504pt.
File: Logo_Institut.png Graphic file (type png)
<use Logo_Institut.png>
Package pdftex.def Info: Logo_Institut.png  used on input line 119.
(pdftex.def)             Requested size: 80.53452pt x 51.21504pt.
 [3 <./Rectes al pla - 20 AF paral·lelogram àrea_4.png>]
<Rectes al pla - 20 AF paral·lelogram àrea_5.png, id=30, 243.88077pt x 137.06
099pt>
File: Rectes al pla - 20 AF paral·lelogram àrea_5.png Graphic file (type png)

<use Rectes al pla - 20 AF paral·lelogram àrea_5.png>
Package pdftex.def Info: Rectes al pla - 20 AF paral·lelogram àrea_5.png  use
d on input line 124.
(pdftex.def)             Requested size: 338.58632pt x 190.28835pt.
<Rectes al pla - 20 AF paral·lelogram àrea_8.png, id=31, 243.88077pt x 137.06
099pt>
File: Rectes al pla - 20 AF paral·lelogram àrea_8.png Graphic file (type png)

<use Rectes al pla - 20 AF paral·lelogram àrea_8.png>
Package pdftex.def Info: Rectes al pla - 20 AF paral·lelogram àrea_8.png  use
d on input line 144.
(pdftex.def)             Requested size: 338.58632pt x 190.28835pt.
File: Logo_Departament.png Graphic file (type png)
<use Logo_Departament.png>
Package pdftex.def Info: Logo_Departament.png  used on input line 147.
(pdftex.def)             Requested size: 136.1653pt x 51.21504pt.
File: Logo_Institut.png Graphic file (type png)
<use Logo_Institut.png>
Package pdftex.def Info: Logo_Institut.png  used on input line 147.
(pdftex.def)             Requested size: 80.53452pt x 51.21504pt.
 [4 <./Rectes al pla - 20 AF paral·lelogram àrea_5.png>]
<Rectes - Altures triangle 21 AF_1.png, id=37, 291.41129pt x 164.35597pt>
File: Rectes - Altures triangle 21 AF_1.png Graphic file (type png)
<use Rectes - Altures triangle 21 AF_1.png>
Package pdftex.def Info: Rectes - Altures triangle 21 AF_1.png  used on input l
ine 174.
(pdftex.def)             Requested size: 338.58632pt x 190.96402pt.
File: Logo_Departament.png Graphic file (type png)
<use Logo_Departament.png>
Package pdftex.def Info: Logo_Departament.png  used on input line 177.
(pdftex.def)             Requested size: 136.1653pt x 51.21504pt.
File: Logo_Institut.png Graphic file (type png)
<use Logo_Institut.png>
Package pdftex.def Info: Logo_Institut.png  used on input line 177.
(pdftex.def)             Requested size: 80.53452pt x 51.21504pt.
 [5 <./Rectes al pla - 20 AF paral·lelogram àrea_8.png>]
File: Logo_Departament.png Graphic file (type png)
<use Logo_Departament.png>
Package pdftex.def Info: Logo_Departament.png  used on input line 178.
(pdftex.def)             Requested size: 136.1653pt x 51.21504pt.
File: Logo_Institut.png Graphic file (type png)
<use Logo_Institut.png>
Package pdftex.def Info: Logo_Institut.png  used on input line 178.
(pdftex.def)             Requested size: 80.53452pt x 51.21504pt.
 [6 <./Rectes - Altures triangle 21 AF_1.png>]
<Rectes - Altures triangle 21 AF_2.png, id=47, 516.21428pt x 291.14485pt>
File: Rectes - Altures triangle 21 AF_2.png Graphic file (type png)
<use Rectes - Altures triangle 21 AF_2.png>
Package pdftex.def Info: Rectes - Altures triangle 21 AF_2.png  used on input l
ine 195.
(pdftex.def)             Requested size: 338.58632pt x 190.97003pt.
<Rectes - Altures triangle 21 AF_3.png, id=48, 516.21428pt x 291.14485pt>
File: Rectes - Altures triangle 21 AF_3.png Graphic file (type png)
<use Rectes - Altures triangle 21 AF_3.png>
Package pdftex.def Info: Rectes - Altures triangle 21 AF_3.png  used on input l
ine 213.
(pdftex.def)             Requested size: 338.58632pt x 190.97003pt.
File: Logo_Departament.png Graphic file (type png)
<use Logo_Departament.png>
Package pdftex.def Info: Logo_Departament.png  used on input line 216.
(pdftex.def)             Requested size: 136.1653pt x 51.21504pt.
File: Logo_Institut.png Graphic file (type png)
<use Logo_Institut.png>
Package pdftex.def Info: Logo_Institut.png  used on input line 216.
(pdftex.def)             Requested size: 80.53452pt x 51.21504pt.
 [7 <./Rectes - Altures triangle 21 AF_2.png>]
File: Logo_Departament.png Graphic file (type png)
<use Logo_Departament.png>
Package pdftex.def Info: Logo_Departament.png  used on input line 217.
(pdftex.def)             Requested size: 136.1653pt x 51.21504pt.
File: Logo_Institut.png Graphic file (type png)
<use Logo_Institut.png>
Package pdftex.def Info: Logo_Institut.png  used on input line 217.
(pdftex.def)             Requested size: 80.53452pt x 51.21504pt.

[8 <./Rectes - Altures triangle 21 AF_3.png>]
<Rectes - Altures triangle 21 AF_4.png, id=61, 516.21428pt x 291.14485pt>
File: Rectes - Altures triangle 21 AF_4.png Graphic file (type png)
<use Rectes - Altures triangle 21 AF_4.png>
Package pdftex.def Info: Rectes - Altures triangle 21 AF_4.png  used on input l
ine 234.
(pdftex.def)             Requested size: 338.58632pt x 190.97003pt.
<Rectes - Altures triangle 21 AF_5.png, id=62, 516.21428pt x 291.14485pt>
File: Rectes - Altures triangle 21 AF_5.png Graphic file (type png)
<use Rectes - Altures triangle 21 AF_5.png>
Package pdftex.def Info: Rectes - Altures triangle 21 AF_5.png  used on input l
ine 250.
(pdftex.def)             Requested size: 338.58632pt x 190.97003pt.
File: Logo_Departament.png Graphic file (type png)
<use Logo_Departament.png>
Package pdftex.def Info: Logo_Departament.png  used on input line 253.
(pdftex.def)             Requested size: 136.1653pt x 51.21504pt.
File: Logo_Institut.png Graphic file (type png)
<use Logo_Institut.png>
Package pdftex.def Info: Logo_Institut.png  used on input line 253.
(pdftex.def)             Requested size: 80.53452pt x 51.21504pt.
 [9 <./Rectes - Altures triangle 21 AF_4.png>]
File: Logo_Departament.png Graphic file (type png)
<use Logo_Departament.png>
Package pdftex.def Info: Logo_Departament.png  used on input line 254.
(pdftex.def)             Requested size: 136.1653pt x 51.21504pt.
File: Logo_Institut.png Graphic file (type png)
<use Logo_Institut.png>
Package pdftex.def Info: Logo_Institut.png  used on input line 254.
(pdftex.def)             Requested size: 80.53452pt x 51.21504pt.
 [10 <./Rectes - Altures triangle 21 AF_5.png>]
<Rectes - Altures triangle 21 AF_6.png, id=71, 516.21428pt x 291.14485pt>
File: Rectes - Altures triangle 21 AF_6.png Graphic file (type png)
<use Rectes - Altures triangle 21 AF_6.png>
Package pdftex.def Info: Rectes - Altures triangle 21 AF_6.png  used on input l
ine 271.
(pdftex.def)             Requested size: 338.58632pt x 190.97003pt.
<Rectes - Altures triangle 21 AF_7.png, id=72, 516.21428pt x 291.14485pt>
File: Rectes - Altures triangle 21 AF_7.png Graphic file (type png)
<use Rectes - Altures triangle 21 AF_7.png>
Package pdftex.def Info: Rectes - Altures triangle 21 AF_7.png  used on input l
ine 287.
(pdftex.def)             Requested size: 338.58632pt x 190.97003pt.
File: Logo_Departament.png Graphic file (type png)
<use Logo_Departament.png>
Package pdftex.def Info: Logo_Departament.png  used on input line 290.
(pdftex.def)             Requested size: 136.1653pt x 51.21504pt.
File: Logo_Institut.png Graphic file (type png)
<use Logo_Institut.png>
Package pdftex.def Info: Logo_Institut.png  used on input line 290.
(pdftex.def)             Requested size: 80.53452pt x 51.21504pt.
 [11 <./Rectes - Altures triangle 21 AF_6.png>]
File: Logo_Departament.png Graphic file (type png)
<use Logo_Departament.png>
Package pdftex.def Info: Logo_Departament.png  used on input line 294.
(pdftex.def)             Requested size: 136.1653pt x 51.21504pt.
File: Logo_Institut.png Graphic file (type png)
<use Logo_Institut.png>
Package pdftex.def Info: Logo_Institut.png  used on input line 294.
(pdftex.def)             Requested size: 80.53452pt x 51.21504pt.
 [12 <./Rectes - Altures triangle 21 AF_7.png>]

enddocument/afterlastpage (AED): lastpage setting LastPage.
(1BAT_Rectes_ResolucioExercicis.aux)
 ***********
LaTeX2e <2026-06-01>
L3 programming layer <2026-05-26>
 ***********
 ) 
Here is how much of TeX's memory you used:
 4860 strings out of 467509
 84737 string characters out of 5408780
 517124 words of memory out of 5000000
 34053 multiletter control sequences out of 15000+600000
 634393 words of font info for 63 fonts, out of 8000000 for 9000
 1141 hyphenation exceptions out of 8191
 57i,16n,65p,289b,542s stack positions out of 10000i,1000n,20000p,200000b,200000s
 <C:\Users\jotav\AppData\Local\MiKTeX\fonts/pk/ljfour/jknappen/ec/dpi600\tcrm
1200.pk> <C:\Users\jotav\AppData\Local\MiKTeX\fonts/pk/ljfour/jknappen/ec/dpi60
0\tcbx1200.pk><C:/Users/jotav/AppData/Local/Programs/MiKTeX/fonts/type1/public/
amsfonts/cm/cmbx12.pfb><C:/Users/jotav/AppData/Local/Programs/MiKTeX/fonts/type
1/public/amsfonts/cm/cmex10.pfb><C:/Users/jotav/AppData/Local/Programs/MiKTeX/f
onts/type1/public/amsfonts/cm/cmmi10.pfb><C:/Users/jotav/AppData/Local/Programs
/MiKTeX/fonts/type1/public/amsfonts/cm/cmmi12.pfb><C:/Users/jotav/AppData/Local
/Programs/MiKTeX/fonts/type1/public/amsfonts/cm/cmmi6.pfb><C:/Users/jotav/AppDa
ta/Local/Programs/MiKTeX/fonts/type1/public/amsfonts/cm/cmmi8.pfb><C:/Users/jot
av/AppData/Local/Programs/MiKTeX/fonts/type1/public/amsfonts/cm/cmr12.pfb><C:/U
sers/jotav/AppData/Local/Programs/MiKTeX/fonts/type1/public/amsfonts/cm/cmr8.pf
b><C:/Users/jotav/AppData/Local/Programs/MiKTeX/fonts/type1/public/amsfonts/cm/
cmsy10.pfb>
Output written on 1BAT_Rectes_ResolucioExercicis.pdf (12 pages, 1821157 bytes).

PDF statistics:
 128 PDF objects out of 1000 (max. 8388607)
 0 named destinations out of 1000 (max. 500000)
 76 words of extra memory for PDF output out of 10000 (max. 10000000)

