This is pdfTeX, Version 3.141592653-2.6-1.40.29 (MiKTeX 26.5) (preloaded format=pdflatex 2026.6.22)  1 JUL 2026 10:44
entering extended mode
 restricted \write18 enabled.
 %&-line parsing enabled.
**./main.tex
(main.tex
LaTeX2e <2026-06-01>
L3 programming layer <2026-05-26>
(C:\Users\jotav\AppData\Local\Programs\MiKTeX\tex/latex/base\article.cls
Document Class: article 2025/01/22 v1.4n Standard LaTeX document class
(C:\Users\jotav\AppData\Local\Programs\MiKTeX\tex/latex/base\size12.clo
File: size12.clo 2025/01/22 v1.4n Standard LaTeX file (size option)
)
\c@part=\count276
\c@section=\count277
\c@subsection=\count278
\c@subsubsection=\count279
\c@paragraph=\count280
\c@subparagraph=\count281
\c@figure=\count282
\c@table=\count283
\abovecaptionskip=\skip49
\belowcaptionskip=\skip50
\bibindent=\dimen150
)
(C:\Users\jotav\AppData\Local\Programs\MiKTeX\tex/latex/base\inputenc.sty
Package: inputenc 2024/02/08 v1.3d Input encoding file
\inpenc@prehook=\toks17
\inpenc@posthook=\toks18
)
(C:\Users\jotav\AppData\Local\Programs\MiKTeX\tex/generic/babel\babel.sty
Package: babel 2026/05/20 v26.8 The multilingual framework for LuaLaTeX, pdfLaT
eX and XeLaTeX
\babel@savecnt=\count284
LaTeX Encoding Info:    Redeclaring text command \ij (encoding OT1) on input li
ne 2084.
LaTeX Encoding Info:    Redeclaring text command \IJ (encoding OT1) on input li
ne 2086.
LaTeX Encoding Info:    Redeclaring text command \ij (encoding T1) on input lin
e 2088.
LaTeX Encoding Info:    Redeclaring text command \IJ (encoding T1) on input lin
e 2089.
LaTeX Encoding Info:    Ignoring declaration for text command \ij (encoding ?) 
on input line 2090.
LaTeX Encoding Info:    Ignoring declaration for text command \IJ (encoding ?) 
on input line 2092.
LaTeX Encoding Info:    Ignoring declaration for text command \SS (encoding ?) 
on input line 2117.
\U@D=\dimen151
\l@unhyphenated=\language79

(C:\Users\jotav\AppData\Local\Programs\MiKTeX\tex/generic/babel\txtbabel.def)
\bbl@readstream=\read2
\bbl@dirlevel=\count285
Package babel Info: Configuration files are deprecated, as
(babel)             they can break document portability.
(babel)             Reported on input line 4228.

*************************************
* Local config file bblopts.cfg used
*
(C:\Users\jotav\AppData\Local\Programs\MiKTeX\tex/latex/arabi\bblopts.cfg
File: bblopts.cfg 2005/09/08 v0.1 add Arabic and Farsi to "declared" options of
 babel
)
(C:\Users\jotav\AppData\Local\Programs\MiKTeX\tex/generic/babel/locale/ca\babel
-catalan.tex)
Package babel Info: Importing font and identification data for catalan
(babel)             from babel-ca.ini. Reported on input line 4356.

(C:\Users\jotav\AppData\Local\Programs\MiKTeX\tex/latex/babel-catalan\catalan.l
df
Language: catalan 2005/03/29 v2.2p Catalan support from the babel system
Package babel Info: Making " an active character on input line 91.
Warning: You are using encoding OT1 instead of T1.
Some word breaks will not be found.
\leftllkern=\dimen152
\rightllkern=\dimen153
\raiselldim=\dimen154
))
(C:\Users\jotav\AppData\Local\Programs\MiKTeX\tex/latex/graphics\graphicx.sty
Package: graphicx 2026-05-17 v1.2e Enhanced LaTeX Graphics (DPC,SPQR)

(C:\Users\jotav\AppData\Local\Programs\MiKTeX\tex/latex/graphics\keyval.sty
Package: keyval 2026-05-17 v1.15 key=value parser (DPC)
\KV@toks@=\toks19
)
(C:\Users\jotav\AppData\Local\Programs\MiKTeX\tex/latex/graphics\graphics.sty
Package: graphics 2026-05-17 v1.4h Standard LaTeX Graphics (DPC,SPQR)

(C:\Users\jotav\AppData\Local\Programs\MiKTeX\tex/latex/graphics\trig.sty
Package: trig 2023/12/02 v1.11 sin cos tan (DPC)
)
(C:\Users\jotav\AppData\Local\Programs\MiKTeX\tex/latex/graphics-cfg\graphics.c
fg
File: graphics.cfg 2016/06/04 v1.11 sample graphics configuration
)
Package graphics Info: Driver file: pdftex.def on input line 106.

(C:\Users\jotav\AppData\Local\Programs\MiKTeX\tex/latex/graphics-def\pdftex.def
File: pdftex.def 2025/09/29 v1.2d Graphics/color driver for pdftex
))
\Gin@req@height=\dimen155
\Gin@req@width=\dimen156
)
(C:\Users\jotav\AppData\Local\Programs\MiKTeX\tex/latex/geometry\geometry.sty
Package: geometry 2026/03/07 v6.0 Page Geometry

(C:\Users\jotav\AppData\Local\Programs\MiKTeX\tex/generic/iftex\ifvtex.sty
Package: ifvtex 2019/10/25 v1.7 ifvtex legacy package. Use iftex instead.

(C:\Users\jotav\AppData\Local\Programs\MiKTeX\tex/generic/iftex\iftex.sty
Package: iftex 2024/12/12 v1.0g TeX engine tests
))
\Gm@cnth=\count286
\Gm@cntv=\count287
\c@Gm@tempcnt=\count288
\Gm@bindingoffset=\dimen157
\Gm@wd@mp=\dimen158
\Gm@odd@mp=\dimen159
\Gm@even@mp=\dimen160
\Gm@layoutwidth=\dimen161
\Gm@layoutheight=\dimen162
\Gm@layouthoffset=\dimen163
\Gm@layoutvoffset=\dimen164
\Gm@dimlist=\toks20

(C:\Users\jotav\AppData\Local\Programs\MiKTeX\tex/latex/geometry\geometry.cfg))
(C:\Users\jotav\AppData\Local\Programs\MiKTeX\tex/latex/fancyhdr\fancyhdr.sty
Package: fancyhdr 2025/02/07 v5.2 Extensive control of page headers and footers

\f@nch@headwidth=\skip51
\f@nch@offset@elh=\skip52
\f@nch@offset@erh=\skip53
\f@nch@offset@olh=\skip54
\f@nch@offset@orh=\skip55
\f@nch@offset@elf=\skip56
\f@nch@offset@erf=\skip57
\f@nch@offset@olf=\skip58
\f@nch@offset@orf=\skip59
\f@nch@height=\skip60
\f@nch@footalignment=\skip61
\f@nch@widthL=\skip62
\f@nch@widthC=\skip63
\f@nch@widthR=\skip64
\@temptokenb=\toks21
)
(C:\Users\jotav\AppData\Local\Programs\MiKTeX\tex/latex/tools\tabularx.sty
Package: tabularx 2023/12/11 v2.12a `tabularx' package (DPC)

(C:\Users\jotav\AppData\Local\Programs\MiKTeX\tex/latex/tools\array.sty
Package: array 2026/02/24 v2.7b Tabular extension package (FMi)
\col@sep=\dimen165
\ar@mcellbox=\box53
\extrarowheight=\dimen166
\NC@list=\toks22
\extratabsurround=\skip65
\backup@length=\skip66
\ar@cellbox=\box54
)
\TX@col@width=\dimen167
\TX@old@table=\dimen168
\TX@old@col=\dimen169
\TX@target=\dimen170
\TX@delta=\dimen171
\TX@cols=\count289
\TX@ftn=\toks23
)
(C:\Users\jotav\AppData\Local\Programs\MiKTeX\tex/latex/lastpage\lastpage.sty
Package: lastpage 2025/08/14 v2.1h lastpage: 2.09 or 2e? (HMM)

(C:\Users\jotav\AppData\Local\Programs\MiKTeX\tex/latex/lastpage\lastpage2e.sty
Package: lastpage2e 2025/08/14 v2.1h Decide which 2e lastpage version to use (H
MM)

(C:\Users\jotav\AppData\Local\Programs\MiKTeX\tex/latex/lastpage\lastpagemodern
.sty
Package: lastpagemodern 2025-08-14 v2.1h Refers to last page's name (HMM; JPG)
\c@lastpagecount=\count290
) 
))
(C:\Users\jotav\AppData\Local\Programs\MiKTeX\tex/latex/enumitem\enumitem.sty
Package: enumitem 2025/02/06 v3.11 Customized lists
\labelindent=\skip67
\enit@outerparindent=\dimen172
\enit@toks=\toks24
\enit@inbox=\box55
\enit@count@id=\count291
\enitdp@description=\count292
)
(C:\Users\jotav\AppData\Local\Programs\MiKTeX\tex/latex/amsmath\amsmath.sty
Package: amsmath 2026/05/19 v2.18d AMS math features
\@mathmargin=\skip68

For additional information on amsmath, use the `?' option.
(C:\Users\jotav\AppData\Local\Programs\MiKTeX\tex/latex/amsmath\amstext.sty
Package: amstext 2024/11/17 v2.01 AMS text

(C:\Users\jotav\AppData\Local\Programs\MiKTeX\tex/latex/amsmath\amsgen.sty
File: amsgen.sty 1999/11/30 v2.0 generic functions
\@emptytoks=\toks25
\ex@=\dimen173
))
(C:\Users\jotav\AppData\Local\Programs\MiKTeX\tex/latex/amsmath\amsbsy.sty
Package: amsbsy 1999/11/29 v1.2d Bold Symbols
\pmbraise@=\dimen174
)
(C:\Users\jotav\AppData\Local\Programs\MiKTeX\tex/latex/amsmath\amsopn.sty
Package: amsopn 2022/04/08 v2.04 operator names
)
\inf@bad=\count293
LaTeX Info: Redefining \frac on input line 233.
\uproot@=\count294
\leftroot@=\count295
LaTeX Info: Redefining \overline on input line 398.
LaTeX Info: Redefining \colon on input line 409.
\classnum@=\count296
\DOTSCASE@=\count297
LaTeX Info: Redefining \ldots on input line 495.
LaTeX Info: Redefining \dots on input line 498.
LaTeX Info: Redefining \cdots on input line 619.
\Mathstrutbox@=\box56
\strutbox@=\box57
LaTeX Info: Redefining \big on input line 721.
LaTeX Info: Redefining \Big on input line 722.
LaTeX Info: Redefining \bigg on input line 723.
LaTeX Info: Redefining \Bigg on input line 724.
\big@size=\dimen175
LaTeX Font Info:    Redeclaring font encoding OML on input line 742.
LaTeX Font Info:    Redeclaring font encoding OMS on input line 743.
\macc@depth=\count298
LaTeX Info: Redefining \bmod on input line 904.
LaTeX Info: Redefining \pmod on input line 909.
LaTeX Info: Redefining \smash on input line 939.
LaTeX Info: Redefining \relbar on input line 969.
LaTeX Info: Redefining \Relbar on input line 970.
\c@MaxMatrixCols=\count299
\dotsspace@=\muskip17
\c@parentequation=\count300
\dspbrk@lvl=\count301
\tag@help=\toks26
\row@=\count302
\column@=\count303
\maxfields@=\count304
\andhelp@=\toks27
\eqnshift@=\dimen176
\alignsep@=\dimen177
\tagshift@=\dimen178
\tagwidth@=\dimen179
\totwidth@=\dimen180
\lineht@=\dimen181
\@envbody=\toks28
\multlinegap=\skip69
\multlinetaggap=\skip70
\mathdisplay@stack=\toks29
LaTeX Info: Redefining \[ on input line 2965.
LaTeX Info: Redefining \] on input line 2966.
)
(C:\Users\jotav\AppData\Local\Programs\MiKTeX\tex/latex/amsfonts\amssymb.sty
Package: amssymb 2013/01/14 v3.01 AMS font symbols

(C:\Users\jotav\AppData\Local\Programs\MiKTeX\tex/latex/amsfonts\amsfonts.sty
Package: amsfonts 2013/01/14 v3.01 Basic AMSFonts support
\symAMSa=\mathgroup4
\symAMSb=\mathgroup5
LaTeX Font Info:    Redeclaring math symbol \hbar on input line 98.
LaTeX Font Info:    Overwriting math alphabet `\mathfrak' in version `bold'
(Font)                  U/euf/m/n --> U/euf/b/n on input line 106.
)) (C:\Users\jotav\AppData\Local\Programs\MiKTeX\tex/latex/xcolor\xcolor.sty
Package: xcolor 2024/09/29 v3.02 LaTeX color extensions (UK)

(C:\Users\jotav\AppData\Local\Programs\MiKTeX\tex/latex/graphics-cfg\color.cfg
File: color.cfg 2016/01/02 v1.6 sample color configuration
)
Package xcolor Info: Driver file: pdftex.def on input line 274.
(C:\Users\jotav\AppData\Local\Programs\MiKTeX\tex/latex/graphics\mathcolor.ltx)
Package xcolor Info: Model `cmy' substituted by `cmy0' on input line 1349.
Package xcolor Info: Model `hsb' substituted by `rgb' on input line 1353.
Package xcolor Info: Model `RGB' extended on input line 1365.
Package xcolor Info: Model `HTML' substituted by `rgb' on input line 1367.
Package xcolor Info: Model `Hsb' substituted by `hsb' on input line 1368.
Package xcolor Info: Model `tHsb' substituted by `hsb' on input line 1369.
Package xcolor Info: Model `HSB' substituted by `hsb' on input line 1370.
Package xcolor Info: Model `Gray' substituted by `gray' on input line 1371.
Package xcolor Info: Model `wave' substituted by `hsb' on input line 1372.
) (C:\Users\jotav\AppData\Local\Programs\MiKTeX\tex/latex/mdframed\mdframed.sty
Package: mdframed 2013/07/01 1.9b: mdframed

(C:\Users\jotav\AppData\Local\Programs\MiKTeX\tex/latex/kvoptions\kvoptions.sty
Package: kvoptions 2022-06-15 v3.15 Key value format for package options (HO)
(C:\Users\jotav\AppData\Local\Programs\MiKTeX\tex/generic/ltxcmds\ltxcmds.sty
Package: ltxcmds 2023-12-04 v1.26 LaTeX kernel commands for general use (HO)
)
(C:\Users\jotav\AppData\Local\Programs\MiKTeX\tex/latex/kvsetkeys\kvsetkeys.sty
Package: kvsetkeys 2022-10-05 v1.19 Key value parser (HO)
))
(C:\Users\jotav\AppData\Local\Programs\MiKTeX\tex/latex/l3packages/xparse\xpars
e.sty
(C:\Users\jotav\AppData\Local\Programs\MiKTeX\tex/latex/l3kernel\expl3.sty
Package: expl3 2026-05-26 L3 programming layer (loader) 

(C:\Users\jotav\AppData\Local\Programs\MiKTeX\tex/latex/l3backend\l3backend-pdf
tex.def
File: l3backend-pdftex.def 2026-02-18 L3 backend support: PDF output (pdfTeX)
\l__color_backend_stack_int=\count305
))
Package: xparse 2025-10-09 L3 Experimental document command parser
)
(C:\Users\jotav\AppData\Local\Programs\MiKTeX\tex/latex/etoolbox\etoolbox.sty
Package: etoolbox 2025/10/02 v2.5m e-TeX tools for LaTeX (JAW)
\etb@tempcnta=\count306
)
(C:\Users\jotav\AppData\Local\Programs\MiKTeX\tex/latex/zref\zref-abspage.sty
Package: zref-abspage 2026-03-07 v2.37 Module abspage for zref (HO)

(C:\Users\jotav\AppData\Local\Programs\MiKTeX\tex/latex/zref\zref-base.sty
Package: zref-base 2026-03-07 v2.37 Module base for zref (HO)

(C:\Users\jotav\AppData\Local\Programs\MiKTeX\tex/generic/infwarerr\infwarerr.s
ty
Package: infwarerr 2019/12/03 v1.5 Providing info/warning/error messages (HO)
)
(C:\Users\jotav\AppData\Local\Programs\MiKTeX\tex/generic/kvdefinekeys\kvdefine
keys.sty
Package: kvdefinekeys 2019-12-19 v1.6 Define keys (HO)
)
(C:\Users\jotav\AppData\Local\Programs\MiKTeX\tex/generic/pdftexcmds\pdftexcmds
.sty
Package: pdftexcmds 2020-06-27 v0.33 Utility functions of pdfTeX for LuaTeX (HO
)
Package pdftexcmds Info: \pdf@primitive is available.
Package pdftexcmds Info: \pdf@ifprimitive is available.
Package pdftexcmds Info: \pdfdraftmode found.
)
(C:\Users\jotav\AppData\Local\Programs\MiKTeX\tex/generic/etexcmds\etexcmds.sty
Package: etexcmds 2019/12/15 v1.7 Avoid name clashes with e-TeX commands (HO)
) (C:\Users\jotav\AppData\Local\Programs\MiKTeX\tex/latex/auxhook\auxhook.sty
Package: auxhook 2019-12-17 v1.6 Hooks for auxiliary files (HO)
)
Package zref Info: New property list: main on input line 767.
Package zref Info: New property: default on input line 768.
Package zref Info: New property: page on input line 769.
)
\c@abspage=\count307
Package zref Info: New property: abspage on input line 67.
)
(C:\Users\jotav\AppData\Local\Programs\MiKTeX\tex/latex/needspace\needspace.sty
Package: needspace 2025/03/13 v1.3e reserve vertical space
)
\mdf@templength=\skip71
\c@mdf@globalstyle@cnt=\count308
\mdf@skipabove@length=\skip72
\mdf@skipbelow@length=\skip73
\mdf@leftmargin@length=\skip74
\mdf@rightmargin@length=\skip75
\mdf@innerleftmargin@length=\skip76
\mdf@innerrightmargin@length=\skip77
\mdf@innertopmargin@length=\skip78
\mdf@innerbottommargin@length=\skip79
\mdf@splittopskip@length=\skip80
\mdf@splitbottomskip@length=\skip81
\mdf@outermargin@length=\skip82
\mdf@innermargin@length=\skip83
\mdf@linewidth@length=\skip84
\mdf@innerlinewidth@length=\skip85
\mdf@middlelinewidth@length=\skip86
\mdf@outerlinewidth@length=\skip87
\mdf@roundcorner@length=\skip88
\mdf@footenotedistance@length=\skip89
\mdf@userdefinedwidth@length=\skip90
\mdf@needspace@length=\skip91
\mdf@frametitleaboveskip@length=\skip92
\mdf@frametitlebelowskip@length=\skip93
\mdf@frametitlerulewidth@length=\skip94
\mdf@frametitleleftmargin@length=\skip95
\mdf@frametitlerightmargin@length=\skip96
\mdf@shadowsize@length=\skip97
\mdf@extratopheight@length=\skip98
\mdf@subtitleabovelinewidth@length=\skip99
\mdf@subtitlebelowlinewidth@length=\skip100
\mdf@subtitleaboveskip@length=\skip101
\mdf@subtitlebelowskip@length=\skip102
\mdf@subtitleinneraboveskip@length=\skip103
\mdf@subtitleinnerbelowskip@length=\skip104
\mdf@subsubtitleabovelinewidth@length=\skip105
\mdf@subsubtitlebelowlinewidth@length=\skip106
\mdf@subsubtitleaboveskip@length=\skip107
\mdf@subsubtitlebelowskip@length=\skip108
\mdf@subsubtitleinneraboveskip@length=\skip109
\mdf@subsubtitleinnerbelowskip@length=\skip110

(C:\Users\jotav\AppData\Local\Programs\MiKTeX\tex/latex/mdframed\md-frame-0.mdf
File: md-frame-0.mdf 2013/07/01\ 1.9b: md-frame-0
)
\mdf@frametitlebox=\box58
\mdf@footnotebox=\box59
\mdf@splitbox@one=\box60
\mdf@splitbox@two=\box61
\mdf@splitbox@save=\box62
\mdfsplitboxwidth=\skip111
\mdfsplitboxtotalwidth=\skip112
\mdfsplitboxheight=\skip113
\mdfsplitboxdepth=\skip114
\mdfsplitboxtotalheight=\skip115
\mdfframetitleboxwidth=\skip116
\mdfframetitleboxtotalwidth=\skip117
\mdfframetitleboxheight=\skip118
\mdfframetitleboxdepth=\skip119
\mdfframetitleboxtotalheight=\skip120
\mdffootnoteboxwidth=\skip121
\mdffootnoteboxtotalwidth=\skip122
\mdffootnoteboxheight=\skip123
\mdffootnoteboxdepth=\skip124
\mdffootnoteboxtotalheight=\skip125
\mdftotallinewidth=\skip126
\mdfboundingboxwidth=\skip127
\mdfboundingboxtotalwidth=\skip128
\mdfboundingboxheight=\skip129
\mdfboundingboxdepth=\skip130
\mdfboundingboxtotalheight=\skip131
\mdf@freevspace@length=\skip132
\mdf@horizontalwidthofbox@length=\skip133
\mdf@verticalmarginwhole@length=\skip134
\mdf@horizontalspaceofbox=\skip135
\mdfsubtitleheight=\skip136
\mdfsubsubtitleheight=\skip137
\c@mdfcountframes=\count309

****** mdframed patching \endmdf@trivlist

****** -- success******

\mdf@envdepth=\count310
\c@mdf@env@i=\count311
\c@mdf@env@ii=\count312
\c@mdf@zref@counter=\count313
Package zref Info: New property: mdf@pagevalue on input line 895.
) (1BAT_PujarNota_2nTrimestre.aux
Package babel Info: 'catalan' activates 'catalan' shorthands.
(babel)             Reported on input line 6.
)
\openout1 = `1BAT_PujarNota_2nTrimestre.aux'.

LaTeX Font Info:    Checking defaults for OML/cmm/m/it on input line 53.
LaTeX Font Info:    ... okay on input line 53.
LaTeX Font Info:    Checking defaults for OMS/cmsy/m/n on input line 53.
LaTeX Font Info:    ... okay on input line 53.
LaTeX Font Info:    Checking defaults for OT1/cmr/m/n on input line 53.
LaTeX Font Info:    ... okay on input line 53.
LaTeX Font Info:    Checking defaults for T1/cmr/m/n on input line 53.
LaTeX Font Info:    ... okay on input line 53.
LaTeX Font Info:    Checking defaults for TS1/cmr/m/n on input line 53.
LaTeX Font Info:    ... okay on input line 53.
LaTeX Font Info:    Checking defaults for OMX/cmex/m/n on input line 53.
LaTeX Font Info:    ... okay on input line 53.
LaTeX Font Info:    Checking defaults for U/cmr/m/n on input line 53.
LaTeX Font Info:    ... okay on input line 53.
LaTeX Info: Redefining \l on input line 53.
LaTeX Info: Redefining \L on input line 53.

(C:\Users\jotav\AppData\Local\Programs\MiKTeX\tex/context/base/mkii\supp-pdf.mk
ii
[Loading MPS to PDF converter (version 2006.09.02).]
\scratchcounter=\count314
\scratchdimen=\dimen182
\scratchbox=\box63
\nofMPsegments=\count315
\nofMParguments=\count316
\everyMPshowfont=\toks30
\MPscratchCnt=\count317
\MPscratchDim=\dimen183
\MPnumerator=\count318
\makeMPintoPDFobject=\count319
\everyMPtoPDFconversion=\toks31
)
(C:\Users\jotav\AppData\Local\Programs\MiKTeX\tex/latex/epstopdf-pkg\epstopdf-b
ase.sty
Package: epstopdf-base 2020-01-24 v2.11 Base part for package epstopdf
Package epstopdf-base Info: Redefining graphics rule for `.eps' on input line 4
85.

(C:\Users\jotav\AppData\Local\Programs\MiKTeX\tex/latex/00miktex\epstopdf-sys.c
fg
File: epstopdf-sys.cfg 2021/03/18 v2.0 Configuration of epstopdf for MiKTeX
))
*geometry* driver: auto-detecting
*geometry* detected driver: pdftex
*geometry* verbose mode - [ preamble ] result:
* driver: pdftex
* paper: a4paper
* layout: <same size as paper>
* layoutoffset:(h,v)=(0.0pt,0.0pt)
* modes: 
* h-part:(L,W,R)=(56.9055pt, 483.69687pt, 56.9055pt)
* v-part:(T,H,B)=(113.81102pt, 645.87756pt, 85.35826pt)
* \paperwidth=597.50787pt
* \paperheight=845.04684pt
* \textwidth=483.69687pt
* \textheight=645.87756pt
* \oddsidemargin=-15.36449pt
* \evensidemargin=-15.36449pt
* \topmargin=-54.59085pt
* \headheight=71.13188pt
* \headsep=25.0pt
* \topskip=12.0pt
* \footskip=30.0pt
* \marginparwidth=35.0pt
* \marginparsep=10.0pt
* \columnsep=10.0pt
* \skip\footins=10.8pt plus 4.0pt minus 2.0pt
* \hoffset=0.0pt
* \voffset=0.0pt
* \mag=1000
* \@twocolumnfalse
* \@twosidefalse
* \@mparswitchfalse
* \@reversemarginfalse
* (1in=72.27pt=25.4mm, 1cm=28.453pt)

(C:\Users\jotav\AppData\Local\Programs\MiKTeX\tex/latex/amsfonts\umsa.fd)
(C:\Users\jotav\AppData\Local\Programs\MiKTeX\tex/latex/amsfonts\umsb.fd)
Overfull \hbox (17.62482pt too wide) in paragraph at lines 62--64
[][] 
 []


Package mdframed Warning: You got a bad break
(mdframed)                because the last box will be empty
(mdframed)                you have to change it manually
(mdframed)                by changing the text, the space
(mdframed)                or something else on input line 120.

<Logo_Departament.png, id=1, 488.0634pt x 183.5658pt>
File: Logo_Departament.png Graphic file (type png)
<use Logo_Departament.png>
Package pdftex.def Info: Logo_Departament.png  used on input line 120.
(pdftex.def)             Requested size: 136.1653pt x 51.21504pt.
<Logo_Institut.png, id=3, 209.1012pt x 132.9768pt>
File: Logo_Institut.png Graphic file (type png)
<use Logo_Institut.png>
Package pdftex.def Info: Logo_Institut.png  used on input line 120.
(pdftex.def)             Requested size: 80.53452pt x 51.21504pt.
[1

{C:/Users/jotav/AppData/Local/MiKTeX/fonts/map/pdftex/pdftex.map} <./Logo_Depar
tament.png> <./Logo_Institut.png>]
Package mdframed Info: Box was splittet wrong
 starting loop to iterate the splitting point
(mdframed)              on input line 187.
File: Logo_Departament.png Graphic file (type png)
<use Logo_Departament.png>
Package pdftex.def Info: Logo_Departament.png  used on input line 187.
(pdftex.def)             Requested size: 136.1653pt x 51.21504pt.
File: Logo_Institut.png Graphic file (type png)
<use Logo_Institut.png>
Package pdftex.def Info: Logo_Institut.png  used on input line 187.
(pdftex.def)             Requested size: 80.53452pt x 51.21504pt.
 [2]
Overfull \hbox (18.08792pt too wide) detected at line 227
[] \OML/cmm/m/it/12 A \OT1/cmr/m/n/12 = [] = [] = [] = [] \OMS/cmsy/m/n/12 ^^Y 
\OT1/cmr/m/n/12 0[]4381
 []


LaTeX Warning: Command \textdegree invalid in math mode on input line 227.


LaTeX Warning: Command \textdegree invalid in math mode on input line 227.

Missing character: There is no ° in font cmr12!

Overfull \hbox (18.81154pt too wide) detected at line 227
[] \OML/cmm/m/it/12 B \OT1/cmr/m/n/12 = [] = [] = [] = [] \OMS/cmsy/m/n/12 ^^Y 
\OT1/cmr/m/n/12 0[]1018
 []


LaTeX Warning: Command \textdegree invalid in math mode on input line 227.


LaTeX Warning: Command \textdegree invalid in math mode on input line 227.

Missing character: There is no ° in font cmr12!

LaTeX Warning: Command \textdegree invalid in math mode on input line 227.


LaTeX Warning: Command \textdegree invalid in math mode on input line 227.


LaTeX Warning: Command \textdegree invalid in math mode on input line 227.


LaTeX Warning: Command \textdegree invalid in math mode on input line 227.


LaTeX Warning: Command \textdegree invalid in math mode on input line 227.


LaTeX Warning: Command \textdegree invalid in math mode on input line 227.


LaTeX Warning: Command \textdegree invalid in math mode on input line 227.


LaTeX Warning: Command \textdegree invalid in math mode on input line 227.


LaTeX Warning: Command \textdegree invalid in math mode on input line 227.


LaTeX Warning: Command \textdegree invalid in math mode on input line 227.

Missing character: There is no ° in font cmr12!
Missing character: There is no ° in font cmr12!
Missing character: There is no ° in font cmr12!
Missing character: There is no ° in font cmr12!
Missing character: There is no ° in font cmr12!

LaTeX Warning: Command \textdegree invalid in math mode on input line 227.


LaTeX Warning: Command \textdegree invalid in math mode on input line 227.


LaTeX Warning: Command \textdegree invalid in math mode on input line 227.


LaTeX Warning: Command \textdegree invalid in math mode on input line 227.


LaTeX Warning: Command \textdegree invalid in math mode on input line 227.


LaTeX Warning: Command \textdegree invalid in math mode on input line 227.


LaTeX Warning: Command \textdegree invalid in math mode on input line 227.


LaTeX Warning: Command \textdegree invalid in math mode on input line 227.

Missing character: There is no ° in font cmr12!
Missing character: There is no ° in font cmr12!
Missing character: There is no ° in font cmr12!
Missing character: There is no ° in font cmr12!

! LaTeX Error: Unicode character âś“ (U+2713)
               not set up for use with LaTeX.

See the LaTeX manual or LaTeX Companion for explanation.
Type  H <return>  for immediate help.
 ...                                              
                                                  
l.227   }
         
You may provide a definition with
\DeclareUnicodeCharacter 


LaTeX Warning: Command \textdegree invalid in math mode on input line 229.


LaTeX Warning: Command \textdegree invalid in math mode on input line 229.

Missing character: There is no ° in font cmr12!
File: Logo_Departament.png Graphic file (type png)
<use Logo_Departament.png>
Package pdftex.def Info: Logo_Departament.png  used on input line 255.
(pdftex.def)             Requested size: 136.1653pt x 51.21504pt.
File: Logo_Institut.png Graphic file (type png)
<use Logo_Institut.png>
Package pdftex.def Info: Logo_Institut.png  used on input line 255.
(pdftex.def)             Requested size: 80.53452pt x 51.21504pt.
[3]

LaTeX Warning: Command \textdegree invalid in math mode on input line 255.


LaTeX Warning: Command \textdegree invalid in math mode on input line 255.

Missing character: There is no ° in font cmr12!

Overfull \hbox (35.0547pt too wide) detected at line 255
\OML/cmm/m/it/12 b[] \OT1/cmr/m/n/12 = \OML/cmm/m/it/12 a[] \OT1/cmr/m/n/12 + \
OML/cmm/m/it/12 c[] \OMS/cmsy/m/n/12 ^^@ \OT1/cmr/m/n/12 2\OML/cmm/m/it/12 ac [
] B \OT1/cmr/m/n/12 = 144 + 361 \OMS/cmsy/m/n/12 ^^@ \OT1/cmr/m/n/12 2 \OMS/cms
y/m/n/12 ^^A \OT1/cmr/m/n/12 12 \OMS/cmsy/m/n/12 ^^A \OT1/cmr/m/n/12 19 \OMS/cm
sy/m/n/12 ^^A [] \OT1/cmr/m/n/12 30 = 505 \OMS/cmsy/m/n/12 ^^@ \OT1/cmr/m/n/12 
456 \OMS/cmsy/m/n/12 ^^A [] ^^Y \OT1/cmr/m/n/12 505 \OMS/cmsy/m/n/12 ^^@ \OT1/c
mr/m/n/12 394[]77 \OMS/cmsy/m/n/12 ^^Y \OT1/cmr/m/n/12 110[]23
 []


LaTeX Warning: Command \textdegree invalid in math mode on input line 255.


LaTeX Warning: Command \textdegree invalid in math mode on input line 255.

Missing character: There is no ° in font cmr12!

LaTeX Warning: Command \textdegree invalid in math mode on input line 255.


LaTeX Warning: Command \textdegree invalid in math mode on input line 255.

Missing character: There is no ° in font cmr12!

LaTeX Warning: Command \textdegree invalid in math mode on input line 255.


LaTeX Warning: Command \textdegree invalid in math mode on input line 255.

Missing character: There is no ° in font cmr12!

LaTeX Warning: Command \textdegree invalid in math mode on input line 255.


LaTeX Warning: Command \textdegree invalid in math mode on input line 255.

Missing character: There is no ° in font cmr12!

LaTeX Warning: Command \textdegree invalid in math mode on input line 255.


LaTeX Warning: Command \textdegree invalid in math mode on input line 255.


LaTeX Warning: Command \textdegree invalid in math mode on input line 255.


LaTeX Warning: Command \textdegree invalid in math mode on input line 255.


LaTeX Warning: Command \textdegree invalid in math mode on input line 255.


LaTeX Warning: Command \textdegree invalid in math mode on input line 255.


LaTeX Warning: Command \textdegree invalid in math mode on input line 255.


LaTeX Warning: Command \textdegree invalid in math mode on input line 255.

Missing character: There is no ° in font cmr12!
Missing character: There is no ° in font cmr12!
Missing character: There is no ° in font cmr12!
Missing character: There is no ° in font cmr12!

LaTeX Warning: Command \textdegree invalid in math mode on input line 278.


LaTeX Warning: Command \textdegree invalid in math mode on input line 278.


LaTeX Warning: Command \textdegree invalid in math mode on input line 278.


LaTeX Warning: Command \textdegree invalid in math mode on input line 278.

Missing character: There is no ° in font cmr12!
Missing character: There is no ° in font cmr12!

LaTeX Warning: Command \textdegree invalid in math mode on input line 278.


LaTeX Warning: Command \textdegree invalid in math mode on input line 278.


LaTeX Warning: Command \textdegree invalid in math mode on input line 278.


LaTeX Warning: Command \textdegree invalid in math mode on input line 278.

Missing character: There is no ° in font cmr12!
Missing character: There is no ° in font cmr12!

LaTeX Warning: Command \textdegree invalid in math mode on input line 278.


LaTeX Warning: Command \textdegree invalid in math mode on input line 278.


LaTeX Warning: Command \textdegree invalid in math mode on input line 278.


LaTeX Warning: Command \textdegree invalid in math mode on input line 278.


LaTeX Warning: Command \textdegree invalid in math mode on input line 278.


LaTeX Warning: Command \textdegree invalid in math mode on input line 278.

Missing character: There is no ° in font cmr12!
Missing character: There is no ° in font cmr12!
Missing character: There is no ° in font cmr12!

LaTeX Warning: Command \textdegree invalid in math mode on input line 298.


LaTeX Warning: Command \textdegree invalid in math mode on input line 298.


LaTeX Warning: Command \textdegree invalid in math mode on input line 298.


LaTeX Warning: Command \textdegree invalid in math mode on input line 298.


LaTeX Warning: Command \textdegree invalid in math mode on input line 298.


LaTeX Warning: Command \textdegree invalid in math mode on input line 298.


LaTeX Warning: Command \textdegree invalid in math mode on input line 298.


LaTeX Warning: Command \textdegree invalid in math mode on input line 298.

Missing character: There is no ° in font cmr12!
Missing character: There is no ° in font cmr12!
Missing character: There is no ° in font cmr12!
Missing character: There is no ° in font cmr12!

LaTeX Warning: Command \textdegree invalid in math mode on input line 298.


LaTeX Warning: Command \textdegree invalid in math mode on input line 298.


LaTeX Warning: Command \textdegree invalid in math mode on input line 298.


LaTeX Warning: Command \textdegree invalid in math mode on input line 298.

Missing character: There is no ° in font cmr12!
Missing character: There is no ° in font cmr12!

LaTeX Warning: Command \textdegree invalid in math mode on input line 298.


LaTeX Warning: Command \textdegree invalid in math mode on input line 298.


LaTeX Warning: Command \textdegree invalid in math mode on input line 298.


LaTeX Warning: Command \textdegree invalid in math mode on input line 298.


LaTeX Warning: Command \textdegree invalid in math mode on input line 298.


LaTeX Warning: Command \textdegree invalid in math mode on input line 298.


LaTeX Warning: Command \textdegree invalid in math mode on input line 298.


LaTeX Warning: Command \textdegree invalid in math mode on input line 298.

Missing character: There is no ° in font cmr12!
Missing character: There is no ° in font cmr12!
Missing character: There is no ° in font cmr12!
Missing character: There is no ° in font cmr12!

LaTeX Warning: Command \textdegree invalid in math mode on input line 309.


LaTeX Warning: Command \textdegree invalid in math mode on input line 309.

Missing character: There is no ° in font cmr12!

LaTeX Warning: Command \textdegree invalid in math mode on input line 316.


LaTeX Warning: Command \textdegree invalid in math mode on input line 316.


LaTeX Warning: Command \textdegree invalid in math mode on input line 316.


LaTeX Warning: Command \textdegree invalid in math mode on input line 316.


LaTeX Warning: Command \textdegree invalid in math mode on input line 316.


LaTeX Warning: Command \textdegree invalid in math mode on input line 316.

Missing character: There is no ° in font cmr12!
Missing character: There is no ° in font cmr12!
Missing character: There is no ° in font cmr12!

LaTeX Warning: Command \textdegree invalid in math mode on input line 316.


LaTeX Warning: Command \textdegree invalid in math mode on input line 316.


LaTeX Warning: Command \textdegree invalid in math mode on input line 316.


LaTeX Warning: Command \textdegree invalid in math mode on input line 316.


LaTeX Warning: Command \textdegree invalid in math mode on input line 316.


LaTeX Warning: Command \textdegree invalid in math mode on input line 316.


LaTeX Warning: Command \textdegree invalid in math mode on input line 316.


LaTeX Warning: Command \textdegree invalid in math mode on input line 316.

Missing character: There is no ° in font cmr12!
Missing character: There is no ° in font cmr12!
Missing character: There is no ° in font cmr12!
Missing character: There is no ° in font cmr12!
File: Logo_Departament.png Graphic file (type png)
<use Logo_Departament.png>
Package pdftex.def Info: Logo_Departament.png  used on input line 316.
(pdftex.def)             Requested size: 136.1653pt x 51.21504pt.
File: Logo_Institut.png Graphic file (type png)
<use Logo_Institut.png>
Package pdftex.def Info: Logo_Institut.png  used on input line 316.
(pdftex.def)             Requested size: 80.53452pt x 51.21504pt.
[4]
Package mdframed Info: Not enough space on this page on input line 316.


LaTeX Warning: Command \textdegree invalid in math mode on input line 318.


LaTeX Warning: Command \textdegree invalid in math mode on input line 318.

Missing character: There is no ° in font cmr12!

LaTeX Warning: Command \textdegree invalid in math mode on input line 325.


LaTeX Warning: Command \textdegree invalid in math mode on input line 325.


LaTeX Warning: Command \textdegree invalid in math mode on input line 325.


LaTeX Warning: Command \textdegree invalid in math mode on input line 325.


LaTeX Warning: Command \textdegree invalid in math mode on input line 325.


LaTeX Warning: Command \textdegree invalid in math mode on input line 325.

Missing character: There is no ° in font cmr12!
Missing character: There is no ° in font cmr12!
Missing character: There is no ° in font cmr12!

LaTeX Warning: Command \textdegree invalid in math mode on input line 325.


LaTeX Warning: Command \textdegree invalid in math mode on input line 325.


LaTeX Warning: Command \textdegree invalid in math mode on input line 325.


LaTeX Warning: Command \textdegree invalid in math mode on input line 325.


LaTeX Warning: Command \textdegree invalid in math mode on input line 325.


LaTeX Warning: Command \textdegree invalid in math mode on input line 325.


LaTeX Warning: Command \textdegree invalid in math mode on input line 325.


LaTeX Warning: Command \textdegree invalid in math mode on input line 325.

Missing character: There is no ° in font cmr12!
Missing character: There is no ° in font cmr12!
Missing character: There is no ° in font cmr12!
Missing character: There is no ° in font cmr12!

LaTeX Warning: Command \textdegree invalid in math mode on input line 327.


LaTeX Warning: Command \textdegree invalid in math mode on input line 327.

Missing character: There is no ° in font cmr12!

LaTeX Warning: Command \textdegree invalid in math mode on input line 343.


LaTeX Warning: Command \textdegree invalid in math mode on input line 343.


LaTeX Warning: Command \textdegree invalid in math mode on input line 343.


LaTeX Warning: Command \textdegree invalid in math mode on input line 343.


LaTeX Warning: Command \textdegree invalid in math mode on input line 343.


LaTeX Warning: Command \textdegree invalid in math mode on input line 343.

Missing character: There is no ° in font cmr12!
Missing character: There is no ° in font cmr12!
Missing character: There is no ° in font cmr12!

LaTeX Warning: Command \textdegree invalid in math mode on input line 343.


LaTeX Warning: Command \textdegree invalid in math mode on input line 343.


LaTeX Warning: Command \textdegree invalid in math mode on input line 343.


LaTeX Warning: Command \textdegree invalid in math mode on input line 343.


LaTeX Warning: Command \textdegree invalid in math mode on input line 343.


LaTeX Warning: Command \textdegree invalid in math mode on input line 343.


LaTeX Warning: Command \textdegree invalid in math mode on input line 343.


LaTeX Warning: Command \textdegree invalid in math mode on input line 343.


LaTeX Warning: Command \textdegree invalid in math mode on input line 343.


LaTeX Warning: Command \textdegree invalid in math mode on input line 343.


LaTeX Warning: Command \textdegree invalid in math mode on input line 343.


LaTeX Warning: Command \textdegree invalid in math mode on input line 343.

Missing character: There is no ° in font cmr12!
Missing character: There is no ° in font cmr12!
Missing character: There is no ° in font cmr12!
Missing character: There is no ° in font cmr12!
Missing character: There is no ° in font cmr12!
Missing character: There is no ° in font cmr12!

LaTeX Warning: Command \textdegree invalid in math mode on input line 345.


LaTeX Warning: Command \textdegree invalid in math mode on input line 345.

Missing character: There is no ° in font cmr12!

LaTeX Warning: Command \textdegree invalid in math mode on input line 355.


LaTeX Warning: Command \textdegree invalid in math mode on input line 355.


LaTeX Warning: Command \textdegree invalid in math mode on input line 355.


LaTeX Warning: Command \textdegree invalid in math mode on input line 355.


LaTeX Warning: Command \textdegree invalid in math mode on input line 355.


LaTeX Warning: Command \textdegree invalid in math mode on input line 355.

Missing character: There is no ° in font cmr12!
Missing character: There is no ° in font cmr12!
Missing character: There is no ° in font cmr12!

LaTeX Warning: Command \textdegree invalid in math mode on input line 355.


LaTeX Warning: Command \textdegree invalid in math mode on input line 355.


LaTeX Warning: Command \textdegree invalid in math mode on input line 355.


LaTeX Warning: Command \textdegree invalid in math mode on input line 355.


LaTeX Warning: Command \textdegree invalid in math mode on input line 355.


LaTeX Warning: Command \textdegree invalid in math mode on input line 355.


LaTeX Warning: Command \textdegree invalid in math mode on input line 355.


LaTeX Warning: Command \textdegree invalid in math mode on input line 355.


LaTeX Warning: Command \textdegree invalid in math mode on input line 355.


LaTeX Warning: Command \textdegree invalid in math mode on input line 355.


LaTeX Warning: Command \textdegree invalid in math mode on input line 355.


LaTeX Warning: Command \textdegree invalid in math mode on input line 355.

Missing character: There is no ° in font cmr12!
Missing character: There is no ° in font cmr12!
Missing character: There is no ° in font cmr12!
Missing character: There is no ° in font cmr12!
Missing character: There is no ° in font cmr12!
Missing character: There is no ° in font cmr12!

Overfull \hbox (9.30672pt too wide) detected at line 355
[]\OT1/cmr/m/n/12 (60 + 45) = [] 60 [] 45 \OMS/cmsy/m/n/12 ^^@ [] \OT1/cmr/m/n/
12 60 [] 45 = [] \OMS/cmsy/m/n/12 ^^A [] ^^@ [] ^^A [] \OT1/cmr/m/n/12 = [] \OM
S/cmsy/m/n/12 ^^@ [] \OT1/cmr/m/n/12 = []
 []

File: Logo_Departament.png Graphic file (type png)
<use Logo_Departament.png>
Package pdftex.def Info: Logo_Departament.png  used on input line 361.
(pdftex.def)             Requested size: 136.1653pt x 51.21504pt.
File: Logo_Institut.png Graphic file (type png)
<use Logo_Institut.png>
Package pdftex.def Info: Logo_Institut.png  used on input line 361.
(pdftex.def)             Requested size: 80.53452pt x 51.21504pt.
[5] 
enddocument/afterlastpage (AED): lastpage setting LastPage.
(1BAT_PujarNota_2nTrimestre.aux)
 ***********
LaTeX2e <2026-06-01>
L3 programming layer <2026-05-26>
 ***********
 ) 
Here is how much of TeX's memory you used:
 7465 strings out of 467509
 126008 string characters out of 5408780
 590401 words of memory out of 5000000
 36572 multiletter control sequences out of 15000+600000
 634681 words of font info for 65 fonts, out of 8000000 for 9000
 1141 hyphenation exceptions out of 8191
 75i,15n,79p,448b,875s stack positions out of 10000i,1000n,20000p,200000b,200000s
 <C:\Users\jotav\AppData\Local\MiKTeX\fonts/pk/ljfour/jknappen/ec/dpi600\tcrm
1200.pk> <C:\Users\jotav\AppData\Local\MiKTeX\fonts/pk/ljfour/jknappen/ec/dpi60
0\tcbx1200.pk><C:/Users/jotav/AppData/Local/Programs/MiKTeX/fonts/type1/public/
amsfonts/cm/cmbx12.pfb><C:/Users/jotav/AppData/Local/Programs/MiKTeX/fonts/type
1/public/amsfonts/cm/cmex10.pfb><C:/Users/jotav/AppData/Local/Programs/MiKTeX/f
onts/type1/public/amsfonts/cm/cmmi12.pfb><C:/Users/jotav/AppData/Local/Programs
/MiKTeX/fonts/type1/public/amsfonts/cm/cmr12.pfb><C:/Users/jotav/AppData/Local/
Programs/MiKTeX/fonts/type1/public/amsfonts/cm/cmr8.pfb><C:/Users/jotav/AppData
/Local/Programs/MiKTeX/fonts/type1/public/amsfonts/cm/cmsy10.pfb><C:/Users/jota
v/AppData/Local/Programs/MiKTeX/fonts/type1/public/amsfonts/cm/cmsy8.pfb><C:/Us
ers/jotav/AppData/Local/Programs/MiKTeX/fonts/type1/public/amsfonts/cm/cmti12.p
fb><C:/Users/jotav/AppData/Local/Programs/MiKTeX/fonts/type1/public/amsfonts/sy
mbols/msbm10.pfb>
Output written on 1BAT_PujarNota_2nTrimestre.pdf (5 pages, 165053 bytes).
PDF statistics:
 78 PDF objects out of 1000 (max. 8388607)
 0 named destinations out of 1000 (max. 500000)
 11 words of extra memory for PDF output out of 10000 (max. 10000000)

